#
# There is insufficient memory for the Java Runtime Environment to continue.
# Native memory allocation (malloc) failed to allocate 1048576 bytes for AllocateHeap
# Possible reasons:
#   The system is out of physical RAM or swap space
#   The process is running with CompressedOops enabled, and the Java Heap may be blocking the growth of the native heap
# Possible solutions:
#   Reduce memory load on the system
#   Increase physical memory or swap space
#   Check if swap backing store is full
#   Decrease Java heap size (-Xmx/-Xms)
#   Decrease number of Java threads
#   Decrease Java thread stack sizes (-Xss)
#   Set larger code cache with -XX:ReservedCodeCacheSize=
#   JVM is running with Unscaled Compressed Oops mode in which the Java heap is
#     placed in the first 4GB address space. The Java Heap base address is the
#     maximum limit for the native heap growth. Please use -XX:HeapBaseMinAddress
#     to set the Java Heap base and to place the Java Heap above 4GB virtual address.
# This output file may be truncated or incomplete.
#
#  Out of Memory Error (allocation.cpp:44), pid=12940, tid=17640
#
# JRE version:  (17.0.6) (build )
# Java VM: OpenJDK 64-Bit Server VM (17.0.6+0-b2043.56-9586694, mixed mode, sharing, tiered, compressed oops, compressed class ptrs, g1 gc, windows-amd64)
# No core dump will be written. Minidumps are not enabled by default on client versions of Windows
#

---------------  S U M M A R Y ------------

Command Line: git4idea.http.GitAskPassApp Username for 'https://github.com': 

Host: Intel(R) Core(TM) i7-7500U CPU @ 2.70GHz, 4 cores, 7G,  Windows 11 , 64 bit Build 22621 (10.0.22621.1928)
Time: Wed Jul 19 00:30:36 2023 Pakistan Standard Time elapsed time: 0.019221 seconds (0d 0h 0m 0s)

---------------  T H R E A D  ---------------

Current thread (0x0000021da6026ad0):  JavaThread "Unknown thread" [_thread_in_vm, id=17640, stack(0x000000a5a5d00000,0x000000a5a5e00000)]

Stack: [0x000000a5a5d00000,0x000000a5a5e00000]
Native frames: (J=compiled Java code, j=interpreted, Vv=VM code, C=native code)
V  [jvm.dll+0x683b4a]
V  [jvm.dll+0x842654]
V  [jvm.dll+0x843dfe]
V  [jvm.dll+0x844463]
V  [jvm.dll+0x249b75]
V  [jvm.dll+0xa641f]
V  [jvm.dll+0x2e8e27]
V  [jvm.dll+0x2e0b3b]
V  [jvm.dll+0x813f41]
V  [jvm.dll+0x36e6a1]
V  [jvm.dll+0x7f347c]
V  [jvm.dll+0x3f0e8f]
V  [jvm.dll+0x3f29d1]
C  [jli.dll+0x526b]
C  [ucrtbase.dll+0x29363]
C  [KERNEL32.DLL+0x126ad]
C  [ntdll.dll+0x5aa68]


---------------  P R O C E S S  ---------------

Threads class SMR info:
_java_thread_list=0x00007ff88524c058, length=0, elements={
}

Java Threads: ( => current thread )

Other Threads:
  0x0000021da60800d0 GCTaskThread "GC Thread#0" [stack: 0x000000a5a5e00000,0x000000a5a5f00000] [id=16680]

[error occurred during error reporting (printing all threads), id 0xc0000005, EXCEPTION_ACCESS_VIOLATION (0xc0000005) at pc=0x00007ff8849fdd70]

VM state: not at safepoint (not fully initialized)

VM Mutex/Monitor currently owned by a thread:  ([mutex/lock_event])
[0x0000021da6022990] Heap_lock - owner thread: 0x0000021da6026ad0

Heap address: 0x0000000083800000, size: 1992 MB, Compressed Oops mode: 32-bit

CDS archive(s) mapped at: [0x0000000000000000-0x0000000000000000-0x0000000000000000), size 0, SharedBaseAddress: 0x0000000800000000, ArchiveRelocationMode: 0.
Narrow klass base: 0x0000000000000000, Narrow klass shift: 0, Narrow klass range: 0x0

GC Precious Log:
<Empty>

Heap:
 garbage-first heap   total 0K, used 0K [0x0000000083800000, 0x0000000100000000)
  region size 1024K, 0 young (0K), 0 survivors (0K)

[error occurred during error reporting (printing heap information), id 0xc0000005, EXCEPTION_ACCESS_VIOLATION (0xc0000005) at pc=0x00007ff884ded939]

GC Heap History (0 events):
No events

Dll operation events (1 events):
Event: 0.012 Loaded shared library F:\AndroidAfterMath\jbr\bin\java.dll

Deoptimization events (0 events):
No events

Classes unloaded (0 events):
No events

Classes redefined (0 events):
No events

Internal exceptions (0 events):
No events

VM Operations (0 events):
No events

Events (0 events):
No events


Dynamic libraries:
0x00007ff608fa0000 - 0x00007ff608faa000 	F:\AndroidAfterMath\jbr\bin\java.exe
0x00007ff917490000 - 0x00007ff9176a4000 	C:\WINDOWS\SYSTEM32\ntdll.dll
0x00007ff9164f0000 - 0x00007ff9165b2000 	C:\WINDOWS\System32\KERNEL32.DLL
0x00007ff9149b0000 - 0x00007ff914d53000 	C:\WINDOWS\System32\KERNELBASE.dll
0x00007ff915150000 - 0x00007ff915261000 	C:\WINDOWS\System32\ucrtbase.dll
0x00007ff8efc50000 - 0x00007ff8efc67000 	F:\AndroidAfterMath\jbr\bin\jli.dll
0x00007ff9172a0000 - 0x00007ff91744a000 	C:\WINDOWS\System32\USER32.dll
0x00007ff9150a0000 - 0x00007ff9150c6000 	C:\WINDOWS\System32\win32u.dll
0x00007ff916ab0000 - 0x00007ff916ad9000 	C:\WINDOWS\System32\GDI32.dll
0x00007ff914890000 - 0x00007ff9149a9000 	C:\WINDOWS\System32\gdi32full.dll
0x00007ff900c00000 - 0x00007ff900e8e000 	C:\WINDOWS\WinSxS\amd64_microsoft.windows.common-controls_6595b64144ccf1df_6.0.22621.1635_none_270f70857386168e\COMCTL32.dll
0x00007ff915000000 - 0x00007ff91509a000 	C:\WINDOWS\System32\msvcp_win.dll
0x00007ff916e80000 - 0x00007ff916f27000 	C:\WINDOWS\System32\msvcrt.dll
0x00007ff8ee460000 - 0x00007ff8ee47b000 	F:\AndroidAfterMath\jbr\bin\VCRUNTIME140.dll
0x00007ff9170d0000 - 0x00007ff917101000 	C:\WINDOWS\System32\IMM32.DLL
0x00007ff900760000 - 0x00007ff90076c000 	F:\AndroidAfterMath\jbr\bin\vcruntime140_1.dll
0x00007ff89e710000 - 0x00007ff89e79d000 	F:\AndroidAfterMath\jbr\bin\msvcp140.dll
0x00007ff884710000 - 0x00007ff88537d000 	F:\AndroidAfterMath\jbr\bin\server\jvm.dll
0x00007ff915b40000 - 0x00007ff915bee000 	C:\WINDOWS\System32\ADVAPI32.dll
0x00007ff915d80000 - 0x00007ff915e24000 	C:\WINDOWS\System32\sechost.dll
0x00007ff915c60000 - 0x00007ff915d77000 	C:\WINDOWS\System32\RPCRT4.dll
0x00007ff8ffeb0000 - 0x00007ff8ffeb9000 	C:\WINDOWS\SYSTEM32\WSOCK32.dll
0x00007ff90c2d0000 - 0x00007ff90c304000 	C:\WINDOWS\SYSTEM32\WINMM.dll
0x00007ff905e30000 - 0x00007ff905e3a000 	C:\WINDOWS\SYSTEM32\VERSION.dll
0x00007ff916e00000 - 0x00007ff916e71000 	C:\WINDOWS\System32\WS2_32.dll
0x00007ff9138d0000 - 0x00007ff9138e8000 	C:\WINDOWS\SYSTEM32\kernel.appcore.dll
0x00007ff90f450000 - 0x00007ff90f45a000 	F:\AndroidAfterMath\jbr\bin\jimage.dll
0x00007ff912400000 - 0x00007ff91262e000 	C:\WINDOWS\SYSTEM32\DBGHELP.DLL
0x00007ff916700000 - 0x00007ff916a89000 	C:\WINDOWS\System32\combase.dll
0x00007ff9165c0000 - 0x00007ff916697000 	C:\WINDOWS\System32\OLEAUT32.dll
0x00007ff8ff4d0000 - 0x00007ff8ff502000 	C:\WINDOWS\SYSTEM32\dbgcore.DLL
0x00007ff9150d0000 - 0x00007ff91514a000 	C:\WINDOWS\System32\bcryptPrimitives.dll
0x00007ff9036f0000 - 0x00007ff903715000 	F:\AndroidAfterMath\jbr\bin\java.dll

dbghelp: loaded successfully - version: 4.0.5 - missing functions: none
symbol engine: initialized successfully - sym options: 0x614 - pdb path: .;F:\AndroidAfterMath\jbr\bin;C:\WINDOWS\SYSTEM32;C:\WINDOWS\WinSxS\amd64_microsoft.windows.common-controls_6595b64144ccf1df_6.0.22621.1635_none_270f70857386168e;F:\AndroidAfterMath\jbr\bin\server

VM Arguments:
java_command: git4idea.http.GitAskPassApp Username for 'https://github.com': 
java_class_path (initial): F:/AndroidAfterMath/plugins/git4idea/lib/git4idea-rt.jar;F:/AndroidAfterMath/lib/externalProcess-rt.jar;F:/AndroidAfterMath/lib/app.jar;F:/AndroidAfterMath/lib/3rd-party-rt.jar
Launcher Type: SUN_STANDARD

[Global flags]
     intx CICompilerCount                          = 3                                         {product} {ergonomic}
     uint ConcGCThreads                            = 1                                         {product} {ergonomic}
     uint G1ConcRefinementThreads                  = 4                                         {product} {ergonomic}
   size_t G1HeapRegionSize                         = 1048576                                   {product} {ergonomic}
    uintx GCDrainStackTargetSize                   = 64                                        {product} {ergonomic}
   size_t InitialHeapSize                          = 132120576                                 {product} {ergonomic}
   size_t MarkStackSize                            = 4194304                                   {product} {ergonomic}
   size_t MaxHeapSize                              = 2088763392                                {product} {ergonomic}
   size_t MinHeapDeltaBytes                        = 1048576                                   {product} {ergonomic}
   size_t MinHeapSize                              = 8388608                                   {product} {ergonomic}
    uintx NonNMethodCodeHeapSize                   = 5832780                                {pd product} {ergonomic}
    uintx NonProfiledCodeHeapSize                  = 122912730                              {pd product} {ergonomic}
    uintx ProfiledCodeHeapSize                     = 122912730                              {pd product} {ergonomic}
    uintx ReservedCodeCacheSize                    = 251658240                              {pd product} {ergonomic}
     bool SegmentedCodeCache                       = true                                      {product} {ergonomic}
   size_t SoftMaxHeapSize                          = 2088763392                             {manageable} {ergonomic}
     bool UseCompressedClassPointers               = true                           {product lp64_product} {ergonomic}
     bool UseCompressedOops                        = true                           {product lp64_product} {ergonomic}
     bool UseG1GC                                  = true                                      {product} {ergonomic}
     bool UseLargePagesIndividualAllocation        = false                                  {pd product} {ergonomic}

Logging:
Log output configuration:
 #0: stdout all=warning uptime,level,tags
 #1: stderr all=off uptime,level,tags

Environment Variables:
PATH=C:\Program Files\Git\mingw64\libexec\git-core;C:\Program Files\Git\mingw64\libexec\git-core;C:\Program Files\Git\mingw64\bin;C:\Program Files\Git\usr\bin;C:\Users\Harrey Be\bin;C:\Program Files\Common Files\Oracle\Java\javapath;C:\WINDOWS\system32;C:\WINDOWS;C:\WINDOWS\System32\Wbem;C:\WINDOWS\System32\WindowsPowerShell\v1.0;C:\WINDOWS\System32\OpenSSH;C:\Program Files\Git\cmd;C:\Program Files\CMake\bin;C:\Users\Harrey Be\AppData\Local\Microsoft\WindowsApps;F:\flutter\bin;C:\Gradle\gradle-8.1.1\bin
USERNAME=Harrey Be
DISPLAY=:0.0
LC_ALL=en_US.UTF-8
TERM=xterm-256color
TMPDIR=C:\Users\HARREY~1\AppData\Local\Temp
OS=Windows_NT
PROCESSOR_IDENTIFIER=Intel64 Family 6 Model 142 Stepping 9, GenuineIntel
TMP=C:\Users\HARREY~1\AppData\Local\Temp
TEMP=C:\Users\HARREY~1\AppData\Local\Temp



---------------  S Y S T E M  ---------------

OS:
 Windows 11 , 64 bit Build 22621 (10.0.22621.1928)
OS uptime: 2 days 13:39 hours
Hyper-V role detected

CPU: total 4 (initial active 4) (2 cores per cpu, 2 threads per core) family 6 model 142 stepping 9 microcode 0xea, cx8, cmov, fxsr, ht, mmx, 3dnowpref, sse, sse2, sse3, ssse3, sse4.1, sse4.2, popcnt, lzcnt, tsc, tscinvbit, avx, avx2, aes, erms, clmul, bmi1, bmi2, adx, fma, vzeroupper, clflush, clflushopt, hv

Memory: 4k page, system-wide physical 7966M (448M free)
TotalPageFile size 18318M (AvailPageFile size 5M)
current process WorkingSet (physical memory assigned to process): 11M, peak: 11M
current process commit charge ("private bytes"): 47M, peak: 48M

vm_info: OpenJDK 64-Bit Server VM (17.0.6+0-b2043.56-9586694) for windows-amd64 JRE (17.0.6+0-b2043.56-9586694), built on Feb  9 2023 20:06:20 by "androidbuild" with MS VC++ 16.10 / 16.11 (VS2019)

END.
